-------------------------------------------------------------------------------
Test set: com.demo.app.TestAdd
-------------------------------------------------------------------------------
Tests run: 1, Failures: 1, Errors: 0, Skipped: 0, Time elapsed: 0.039 sec <<< FAILURE!
com.demo.app.TestAdd.testAdd()  Time elapsed: 0.039 sec  <<< FAILURE!
org.opentest4j.AssertionFailedError: expected: <9> but was: <8>
	at org.junit.jupiter.api.AssertionUtils.fail(AssertionUtils.java:55)
	at org.junit.jupiter.api.AssertionUtils.failNotEqual(AssertionUtils.java:62)
	at org.junit.jupiter.api.AssertEquals.assertEquals(AssertEquals.java:150)
	at org.junit.jupiter.api.AssertEquals.assertEquals(AssertEquals.java:145)
	at org.junit.jupiter.api.Assertions.assertEquals(Assertions.java:510)
	at com.demo.app.TestAdd.testAdd(TestAdd.java:13)

